<?xml version="1.0" encoding="UTF-8"?>
<coverage generated="1695988711606" clover="3.2.0">
  <project timestamp="1695988711606" name="All files">
    <metrics statements="43" coveredstatements="17" conditionals="18" coveredconditionals="3" methods="3" coveredmethods="2" elements="64" coveredelements="22" complexity="0" loc="43" ncloc="43" packages="1" files="1" classes="1"/>
    <file name="print.ts" path="C:\Users\USER\Projects\nobox\nobox-console\src\utils\print.ts">
      <metrics statements="43" coveredstatements="17" conditionals="18" coveredconditionals="3" methods="3" coveredmethods="2"/>
      <line num="6" count="1" type="stmt"/>
      <line num="31" count="1" type="stmt"/>
      <line num="40" count="1" type="stmt"/>
      <line num="44" count="1" type="stmt"/>
      <line num="48" count="2" type="cond" truecount="2" falsecount="5"/>
      <line num="50" count="1" type="stmt"/>
      <line num="51" count="1" type="stmt"/>
      <line num="53" count="0" type="stmt"/>
      <line num="54" count="0" type="stmt"/>
      <line num="56" count="0" type="stmt"/>
      <line num="57" count="0" type="stmt"/>
      <line num="59" count="1" type="stmt"/>
      <line num="60" count="1" type="stmt"/>
      <line num="62" count="0" type="stmt"/>
      <line num="63" count="0" type="stmt"/>
      <line num="65" count="0" type="stmt"/>
      <line num="66" count="0" type="stmt"/>
      <line num="68" count="0" type="stmt"/>
      <line num="69" count="0" type="stmt"/>
      <line num="73" count="2" type="stmt"/>
      <line num="76" count="1" type="stmt"/>
      <line num="79" count="2" type="cond" truecount="1" falsecount="7"/>
      <line num="81" count="0" type="stmt"/>
      <line num="82" count="0" type="stmt"/>
      <line num="84" count="0" type="stmt"/>
      <line num="85" count="0" type="stmt"/>
      <line num="87" count="0" type="stmt"/>
      <line num="88" count="0" type="stmt"/>
      <line num="90" count="0" type="stmt"/>
      <line num="91" count="0" type="stmt"/>
      <line num="93" count="0" type="stmt"/>
      <line num="94" count="0" type="stmt"/>
      <line num="96" count="0" type="stmt"/>
      <line num="97" count="0" type="stmt"/>
      <line num="99" count="2" type="stmt"/>
      <line num="100" count="2" type="stmt"/>
      <line num="102" count="0" type="stmt"/>
      <line num="103" count="0" type="stmt"/>
      <line num="106" count="2" type="stmt"/>
      <line num="110" count="1" type="stmt"/>
      <line num="116" count="0" type="stmt"/>
      <line num="118" count="0" type="stmt"/>
      <line num="125" count="1" type="stmt"/>
    </file>
  </project>
</coverage>
