{"C:\\Users\\USER\\Projects\\nobox\\nobox-console\\src\\utils\\print.ts": {"path":"C:\\Users\\USER\\Projects\\nobox\\nobox-console\\src\\utils\\print.ts","statementMap":{"0":{"start":{"line":6,"column":0},"end":{"line":6,"column":null}},"1":{"start":{"line":31,"column":0},"end":{"line":31,"column":17}},"2":{"start":{"line":40,"column":12},"end":{"line":40,"column":23}},"3":{"start":{"line":44,"column":29},"end":{"line":74,"column":1}},"4":{"start":{"line":48,"column":4},"end":{"line":70,"column":null}},"5":{"start":{"line":50,"column":12},"end":{"line":50,"column":29}},"6":{"start":{"line":51,"column":12},"end":{"line":51,"column":18}},"7":{"start":{"line":53,"column":12},"end":{"line":53,"column":30}},"8":{"start":{"line":54,"column":12},"end":{"line":54,"column":18}},"9":{"start":{"line":56,"column":12},"end":{"line":56,"column":29}},"10":{"start":{"line":57,"column":12},"end":{"line":57,"column":18}},"11":{"start":{"line":59,"column":12},"end":{"line":59,"column":28}},"12":{"start":{"line":60,"column":12},"end":{"line":60,"column":18}},"13":{"start":{"line":62,"column":12},"end":{"line":62,"column":30}},"14":{"start":{"line":63,"column":12},"end":{"line":63,"column":18}},"15":{"start":{"line":65,"column":12},"end":{"line":65,"column":31}},"16":{"start":{"line":66,"column":12},"end":{"line":66,"column":18}},"17":{"start":{"line":68,"column":12},"end":{"line":68,"column":23}},"18":{"start":{"line":69,"column":12},"end":{"line":69,"column":18}},"19":{"start":{"line":73,"column":4},"end":{"line":73,"column":16}},"20":{"start":{"line":44,"column":13},"end":{"line":44,"column":29}},"21":{"start":{"line":76,"column":30},"end":{"line":107,"column":1}},"22":{"start":{"line":79,"column":4},"end":{"line":104,"column":null}},"23":{"start":{"line":81,"column":12},"end":{"line":81,"column":29}},"24":{"start":{"line":82,"column":12},"end":{"line":82,"column":18}},"25":{"start":{"line":84,"column":12},"end":{"line":84,"column":31}},"26":{"start":{"line":85,"column":12},"end":{"line":85,"column":18}},"27":{"start":{"line":87,"column":12},"end":{"line":87,"column":28}},"28":{"start":{"line":88,"column":12},"end":{"line":88,"column":18}},"29":{"start":{"line":90,"column":12},"end":{"line":90,"column":32}},"30":{"start":{"line":91,"column":12},"end":{"line":91,"column":18}},"31":{"start":{"line":93,"column":12},"end":{"line":93,"column":30}},"32":{"start":{"line":94,"column":12},"end":{"line":94,"column":18}},"33":{"start":{"line":96,"column":12},"end":{"line":96,"column":38}},"34":{"start":{"line":97,"column":12},"end":{"line":97,"column":18}},"35":{"start":{"line":99,"column":12},"end":{"line":99,"column":34}},"36":{"start":{"line":100,"column":12},"end":{"line":100,"column":18}},"37":{"start":{"line":102,"column":12},"end":{"line":102,"column":23}},"38":{"start":{"line":103,"column":12},"end":{"line":103,"column":18}},"39":{"start":{"line":106,"column":4},"end":{"line":106,"column":16}},"40":{"start":{"line":76,"column":13},"end":{"line":76,"column":30}},"41":{"start":{"line":110,"column":17},"end":{"line":121,"column":1}},"42":{"start":{"line":116,"column":16},"end":{"line":117,"column":52}},"43":{"start":{"line":118,"column":4},"end":{"line":120,"column":6}},"44":{"start":{"line":125,"column":0},"end":{"line":125,"column":24}}},"fnMap":{"0":{"name":"(anonymous_0)","decl":{"start":{"line":44,"column":29},"end":{"line":44,"column":30}},"loc":{"start":{"line":44,"column":63},"end":{"line":74,"column":1}}},"1":{"name":"(anonymous_1)","decl":{"start":{"line":76,"column":30},"end":{"line":76,"column":31}},"loc":{"start":{"line":76,"column":66},"end":{"line":107,"column":1}}},"2":{"name":"(anonymous_2)","decl":{"start":{"line":110,"column":17},"end":{"line":110,"column":null}},"loc":{"start":{"line":113,"column":36},"end":{"line":121,"column":1}}}},"branchMap":{"0":{"loc":{"start":{"line":48,"column":4},"end":{"line":70,"column":null}},"type":"switch","locations":[{"start":{"line":49,"column":8},"end":{"line":51,"column":18}},{"start":{"line":52,"column":8},"end":{"line":54,"column":18}},{"start":{"line":55,"column":8},"end":{"line":57,"column":18}},{"start":{"line":58,"column":8},"end":{"line":60,"column":18}},{"start":{"line":61,"column":8},"end":{"line":63,"column":18}},{"start":{"line":64,"column":8},"end":{"line":66,"column":18}},{"start":{"line":67,"column":8},"end":{"line":69,"column":18}}]},"1":{"loc":{"start":{"line":79,"column":4},"end":{"line":104,"column":null}},"type":"switch","locations":[{"start":{"line":80,"column":8},"end":{"line":82,"column":18}},{"start":{"line":83,"column":8},"end":{"line":85,"column":18}},{"start":{"line":86,"column":8},"end":{"line":88,"column":18}},{"start":{"line":89,"column":8},"end":{"line":91,"column":18}},{"start":{"line":92,"column":8},"end":{"line":94,"column":18}},{"start":{"line":95,"column":8},"end":{"line":97,"column":18}},{"start":{"line":98,"column":8},"end":{"line":100,"column":18}},{"start":{"line":101,"column":8},"end":{"line":103,"column":18}}]},"2":{"loc":{"start":{"line":111,"column":4},"end":{"line":111,"column":30}},"type":"default-arg","locations":[{"start":{"line":111,"column":22},"end":{"line":111,"column":30}}]},"3":{"loc":{"start":{"line":112,"column":4},"end":{"line":112,"column":28}},"type":"default-arg","locations":[{"start":{"line":112,"column":23},"end":{"line":112,"column":28}}]},"4":{"loc":{"start":{"line":113,"column":4},"end":{"line":113,"column":32}},"type":"default-arg","locations":[{"start":{"line":113,"column":25},"end":{"line":113,"column":32}}]}},"s":{"0":1,"1":1,"2":1,"3":1,"4":2,"5":1,"6":1,"7":0,"8":0,"9":0,"10":0,"11":1,"12":1,"13":0,"14":0,"15":0,"16":0,"17":0,"18":0,"19":2,"20":1,"21":1,"22":2,"23":0,"24":0,"25":0,"26":0,"27":0,"28":0,"29":0,"30":0,"31":0,"32":0,"33":0,"34":0,"35":2,"36":2,"37":0,"38":0,"39":2,"40":1,"41":1,"42":0,"43":0,"44":1},"f":{"0":2,"1":2,"2":0},"b":{"0":[1,0,0,1,0,0,0],"1":[0,0,0,0,0,0,2,0],"2":[0],"3":[0],"4":[0]}}
}
