TN:
SF:src\utils\print.ts
FN:44,(anonymous_0)
FN:76,(anonymous_1)
FN:110,(anonymous_2)
FNF:3
FNH:2
FNDA:2,(anonymous_0)
FNDA:2,(anonymous_1)
FNDA:0,(anonymous_2)
DA:6,1
DA:31,1
DA:40,1
DA:44,1
DA:48,2
DA:50,1
DA:51,1
DA:53,0
DA:54,0
DA:56,0
DA:57,0
DA:59,1
DA:60,1
DA:62,0
DA:63,0
DA:65,0
DA:66,0
DA:68,0
DA:69,0
DA:73,2
DA:76,1
DA:79,2
DA:81,0
DA:82,0
DA:84,0
DA:85,0
DA:87,0
DA:88,0
DA:90,0
DA:91,0
DA:93,0
DA:94,0
DA:96,0
DA:97,0
DA:99,2
DA:100,2
DA:102,0
DA:103,0
DA:106,2
DA:110,1
DA:116,0
DA:118,0
DA:125,1
LF:43
LH:17
BRDA:48,0,0,1
BRDA:48,0,1,0
BRDA:48,0,2,0
BRDA:48,0,3,1
BRDA:48,0,4,0
BRDA:48,0,5,0
BRDA:48,0,6,0
BRDA:79,1,0,0
BRDA:79,1,1,0
BRDA:79,1,2,0
BRDA:79,1,3,0
BRDA:79,1,4,0
BRDA:79,1,5,0
BRDA:79,1,6,2
BRDA:79,1,7,0
BRDA:111,2,0,0
BRDA:112,3,0,0
BRDA:113,4,0,0
BRF:18
BRH:3
end_of_record
